<?xml version="1.0" encoding="UTF-8" ?>
<testsuite tests="5" failures="0" name="in.nitech.service.impl.test.EmpServiceImplTest" time="0.016" errors="0" skipped="0">
  <properties>
[...]
</properties>
  <testcase classname="in.nitech.service.impl.test.EmpServiceImplTest" name="testFindContactNumByNamePositive01" time="0.016"/>
  <testcase classname="in.nitech.service.impl.test.EmpServiceImplTest" name="testFindAllNegative04" time="0"/>
  <testcase classname="in.nitech.service.impl.test.EmpServiceImplTest" name="testFindAllNegative05" time="0"/>
  <testcase classname="in.nitech.service.impl.test.EmpServiceImplTest" name="testFindAllPositive03" time="0"/>
  <testcase classname="in.nitech.service.impl.test.EmpServiceImplTest" name="testFindcontactByNameNegative02" time="0"/>
</testsuite>